Build started 8/4/2015 4:12:41 PM.
     1>Project "C:\Users\pan\work\TiFen\libdash\libdash\libdash_networkpart_test\libdash_networkpart_test.vcxproj" on node 3 (Rebuild target(s)).
     1>ClCompile:
         C:\Program Files (x86)\Microsoft Visual Studio 12.0\VC\bin\x86_amd64\CL.exe /c /Zi /nologo /W3 /WX- /Od /D WIN32 /D _DEBUG /D _CONSOLE /D _UNICODE /D UNICODE /Gm /EHsc /RTC1 /MDd /GS /fp:precise /Zc:wchar_t /Zc:forScope /Fo"C:\Users\pan\work\TiFen\libdash\libdash\intermediate\libdash_networkpart_test\Debugx64\\" /Fd"C:\Users\pan\work\TiFen\libdash\libdash\intermediate\libdash_networkpart_test\Debugx64\vc120.pdb" /Gd /TP /errorReport:prompt HTTPChunk.cpp HTTPConnection.cpp libdash_networkpart_test.cpp PersistentHTTPConnection.cpp TestChunk.cpp
         TestChunk.cpp
         PersistentHTTPConnection.cpp
     1>PersistentHTTPConnection.cpp(62): warning C4267: 'return' : conversion from 'size_t' to 'int', possible loss of data
     1>PersistentHTTPConnection.cpp(103): warning C4267: 'return' : conversion from 'size_t' to 'int', possible loss of data
     1>PersistentHTTPConnection.cpp(132): warning C4267: 'argument' : conversion from 'size_t' to 'int', possible loss of data
     1>PersistentHTTPConnection.cpp(176): warning C4267: 'argument' : conversion from 'size_t' to 'int', possible loss of data
         libdash_networkpart_test.cpp
         HTTPConnection.cpp
     1>HTTPConnection.cpp(36): warning C4267: 'argument' : conversion from 'size_t' to 'int', possible loss of data
     1>HTTPConnection.cpp(45): warning C4267: 'initializing' : conversion from 'size_t' to 'int', possible loss of data
     1>HTTPConnection.cpp(54): warning C4267: 'initializing' : conversion from 'size_t' to 'int', possible loss of data
     1>HTTPConnection.cpp(86): warning C4267: 'argument' : conversion from 'size_t' to 'int', possible loss of data
     1>HTTPConnection.cpp(135): warning C4267: 'argument' : conversion from 'size_t' to 'int', possible loss of data
     1>HTTPConnection.cpp(156): warning C4244: '=' : conversion from 'SOCKET' to 'int', possible loss of data
     1>HTTPConnection.cpp(160): warning C4996: 'gethostbyname': Use getaddrinfo() or GetAddrInfoW() instead or define _WINSOCK_DEPRECATED_NO_WARNINGS to disable deprecated API warnings
                 C:\Program Files (x86)\Windows Kits\8.1\Include\um\WinSock2.h(2238) : see declaration of 'gethostbyname'
         HTTPChunk.cpp
         Generating Code...
       Link:
         C:\Program Files (x86)\Microsoft Visual Studio 12.0\VC\bin\x86_amd64\link.exe /ERRORREPORT:PROMPT /OUT:"C:\Users\pan\work\TiFen\libdash\libdash\x64\Debug\libdash_networkpart_test.exe" /INCREMENTAL /NOLOGO ws2_32.lib wsock32.lib C:\Users\pan\work\TiFen\libdash\libdash\bin\libdashd.lib kernel32.lib user32.lib gdi32.lib winspool.lib comdlg32.lib advapi32.lib shell32.lib ole32.lib oleaut32.lib uuid.lib odbc32.lib odbccp32.lib /MANIFEST /MANIFESTUAC:"level='asInvoker' uiAccess='false'" /manifest:embed /DEBUG /PDB:"C:\Users\pan\work\TiFen\libdash\libdash\x64\Debug\libdash_networkpart_test.pdb" /SUBSYSTEM:CONSOLE /TLBID:1 /DYNAMICBASE /NXCOMPAT /IMPLIB:"C:\Users\pan\work\TiFen\libdash\libdash\x64\Debug\libdash_networkpart_test.lib" /MACHINE:X64 C:\Users\pan\work\TiFen\libdash\libdash\intermediate\libdash_networkpart_test\Debugx64\HTTPChunk.obj
         C:\Users\pan\work\TiFen\libdash\libdash\intermediate\libdash_networkpart_test\Debugx64\HTTPConnection.obj
         C:\Users\pan\work\TiFen\libdash\libdash\intermediate\libdash_networkpart_test\Debugx64\libdash_networkpart_test.obj
         C:\Users\pan\work\TiFen\libdash\libdash\intermediate\libdash_networkpart_test\Debugx64\PersistentHTTPConnection.obj
         C:\Users\pan\work\TiFen\libdash\libdash\intermediate\libdash_networkpart_test\Debugx64\TestChunk.obj
     1>libdash_networkpart_test.obj : error LNK2019: unresolved external symbol "class dash::IDASHManager * __cdecl CreateDashManager(void)" (?CreateDashManager@@YAPEAVIDASHManager@dash@@XZ) referenced in function main
     1>C:\Users\pan\work\TiFen\libdash\libdash\x64\Debug\libdash_networkpart_test.exe : fatal error LNK1120: 1 unresolved externals
     1>Done Building Project "C:\Users\pan\work\TiFen\libdash\libdash\libdash_networkpart_test\libdash_networkpart_test.vcxproj" (Rebuild target(s)) -- FAILED.

Build FAILED.

Time Elapsed 00:00:05.46
