Build started 8/4/2015 4:12:41 PM.
     1>Project "C:\Users\pan\work\TiFen\libdash\libdash\libdash_memoryleak_test\libdash_memoryleak_test.vcxproj" on node 2 (Rebuild target(s)).
     1>ClCompile:
         C:\Program Files (x86)\Microsoft Visual Studio 12.0\VC\bin\x86_amd64\CL.exe /c /Zi /nologo /W3 /WX- /Od /D WIN32 /D _DEBUG /D _CONSOLE /D _UNICODE /D UNICODE /Gm /EHsc /RTC1 /MDd /GS /fp:precise /Zc:wchar_t /Zc:forScope /Fo"C:\Users\pan\work\TiFen\libdash\libdash\intermediate\libdash_memoryleak_test\Debugx64\\" /Fd"C:\Users\pan\work\TiFen\libdash\libdash\intermediate\libdash_memoryleak_test\Debugx64\vc120.pdb" /Gd /TP /errorReport:prompt libdash_memoryleak_test.cpp
         libdash_memoryleak_test.cpp
       Link:
         C:\Program Files (x86)\Microsoft Visual Studio 12.0\VC\bin\x86_amd64\link.exe /ERRORREPORT:PROMPT /OUT:"C:\Users\pan\work\TiFen\libdash\libdash\x64\Debug\libdash_memoryleak_test.exe" /INCREMENTAL /NOLOGO C:\Users\pan\work\TiFen\libdash\libdash\bin\libdashd.lib kernel32.lib user32.lib gdi32.lib winspool.lib comdlg32.lib advapi32.lib shell32.lib ole32.lib oleaut32.lib uuid.lib odbc32.lib odbccp32.lib /MANIFEST /MANIFESTUAC:"level='asInvoker' uiAccess='false'" /manifest:embed /DEBUG /PDB:"C:\Users\pan\work\TiFen\libdash\libdash\x64\Debug\libdash_memoryleak_test.pdb" /SUBSYSTEM:CONSOLE /TLBID:1 /DYNAMICBASE /NXCOMPAT /IMPLIB:"C:\Users\pan\work\TiFen\libdash\libdash\x64\Debug\libdash_memoryleak_test.lib" /MACHINE:X64 C:\Users\pan\work\TiFen\libdash\libdash\intermediate\libdash_memoryleak_test\Debugx64\libdash_memoryleak_test.obj
     1>libdash_memoryleak_test.obj : error LNK2019: unresolved external symbol "class dash::IDASHManager * __cdecl CreateDashManager(void)" (?CreateDashManager@@YAPEAVIDASHManager@dash@@XZ) referenced in function "void __cdecl testleaks(void)" (?testleaks@@YAXXZ)
     1>C:\Users\pan\work\TiFen\libdash\libdash\x64\Debug\libdash_memoryleak_test.exe : fatal error LNK1120: 1 unresolved externals
     1>Done Building Project "C:\Users\pan\work\TiFen\libdash\libdash\libdash_memoryleak_test\libdash_memoryleak_test.vcxproj" (Rebuild target(s)) -- FAILED.

Build FAILED.

Time Elapsed 00:00:02.30
